This is pdfTeX, Version 3.141592653-2.6-1.40.24 (TeX Live 2022) (preloaded format=pdflatex 2022.10.13)  26 JUL 2023 16:10
entering extended mode
 restricted \write18 enabled.
 file:line:error style messages enabled.
 %&-line parsing enabled.
**/Users/mohamednossirat/Desktop/Ecole/rapport2023/main.tex
(/Users/mohamednossirat/Desktop/Ecole/rapport2023/main.tex
LaTeX2e <2021-11-15> patch level 1
L3 programming layer <2022-02-24> (/usr/local/texlive/2022/texmf-dist/tex/latex/base/report.cls
Document Class: report 2021/10/04 v1.4n Standard LaTeX document class
(/usr/local/texlive/2022/texmf-dist/tex/latex/base/size11.clo
File: size11.clo 2021/10/04 v1.4n Standard LaTeX file (size option)
)
\c@part=\count185
\c@chapter=\count186
\c@section=\count187
\c@subsection=\count188
\c@subsubsection=\count189
\c@paragraph=\count190
\c@subparagraph=\count191
\c@figure=\count192
\c@table=\count193
\abovecaptionskip=\skip47
\belowcaptionskip=\skip48
\bibindent=\dimen138
) (./all_packages.sty (/usr/local/texlive/2022/texmf-dist/tex/generic/babel/babel.sty
Package: babel 2022/02/26 3.73 The Babel package
\babel@savecnt=\count194
\U@D=\dimen139
\l@unhyphenated=\language87
 (/usr/local/texlive/2022/texmf-dist/tex/generic/babel/txtbabel.def)
\bbl@readstream=\read2
\bbl@dirlevel=\count195
Package babel Info: Main language set with 'main='. Except if you have
(babel)             problems, prefer the default mechanism for setting
(babel)             the main language. Reported on input line 4219.
 (/usr/local/texlive/2022/texmf-dist/tex/generic/babel-english/english.ldf
Language: english 2017/06/06 v3.3r English support from the babel system
Package babel Info: Hyphen rules for 'canadian' set to \l@english
(babel)             (\language0). Reported on input line 102.
Package babel Info: Hyphen rules for 'australian' set to \l@ukenglish
(babel)             (\language21). Reported on input line 105.
Package babel Info: Hyphen rules for 'newzealand' set to \l@ukenglish
(babel)             (\language21). Reported on input line 108.
) (/usr/local/texlive/2022/texmf-dist/tex/generic/babel-french/french.ldf
Language: french 2021/07/20 v3.5m French support from the babel system
Package babel Info: Hyphen rules for 'acadian' set to \l@french
(babel)             (\language29). Reported on input line 91.
Package babel Info: Hyphen rules for 'canadien' set to \l@french
(babel)             (\language29). Reported on input line 92.
\FB@nonchar=\count196
Package babel Info: Making : an active character on input line 430.
Package babel Info: Making ; an active character on input line 431.
Package babel Info: Making ! an active character on input line 432.
Package babel Info: Making ? an active character on input line 433.
\FBguill@level=\count197
\FBold@everypar=\toks16
\FB@Mht=\dimen140
\mc@charclass=\count198
\mc@charfam=\count199
\mc@charslot=\count266
\std@mcc=\count267
\dec@mcc=\count268
\listindentFB=\dimen141
\descindentFB=\dimen142
\labelindentFB=\dimen143
\labelwidthFB=\dimen144
\leftmarginFB=\dimen145
\parindentFFN=\dimen146
\FBfnindent=\dimen147
)) (/usr/local/texlive/2022/texmf-dist/tex/latex/carlisle/scalefnt.sty) (/usr/local/texlive/2022/texmf-dist/tex/latex/graphics/keyval.sty
Package: keyval 2014/10/28 v1.15 key=value parser (DPC)
\KV@toks@=\toks17
) (/usr/local/texlive/2022/texmf-dist/tex/latex/numprint/numprint.sty
Package: numprint 2012/08/20 v1.39 Print numbers (HH)
 (/usr/local/texlive/2022/texmf-dist/tex/latex/tools/array.sty
Package: array 2021/10/04 v2.5f Tabular extension package (FMi)
\col@sep=\dimen148
\ar@mcellbox=\box50
\extrarowheight=\dimen149
\NC@list=\toks18
\extratabsurround=\skip49
\backup@length=\skip50
\ar@cellbox=\box51
)
\c@nprt@mantissa@digitsbefore=\count269
\c@nprt@mantissa@digitsafter=\count270
\c@nprt@exponent@digitsbefore=\count271
\c@nprt@exponent@digitsafter=\count272
\nprt@digitwidth=\skip51
\nprt@sepwidth=\skip52
\nprt@decimalwidth=\skip53
\nprt@blockwidth=\skip54
\nprt@digittoks=\toks19
\nprt@pretoks=\toks20
\nprt@posttoks=\toks21
\nprt@thisdigit=\count273
\nprt@curpos=\count274
\nprt@rndpos=\count275
\c@nprt@digitsfirstblock=\count276
\c@nprt@blockcnt=\count277
\c@nprt@cntprint=\count278
 No configuration file `numprint.cfg' found.) (/usr/local/texlive/2022/texmf-dist/tex/latex/base/fontenc.sty
Package: fontenc 2021/04/29 v2.0v Standard LaTeX package
) (/usr/local/texlive/2022/texmf-dist/tex/latex/hyphenat/hyphenat.sty
Package: hyphenat 2009/09/02 v2.3c hyphenation utilities
\langwohyphens=\language88
LaTeX Info: Redefining \_ on input line 43.
) (/usr/local/texlive/2022/texmf-dist/tex/latex/graphics/graphicx.sty
Package: graphicx 2021/09/16 v1.2d Enhanced LaTeX Graphics (DPC,SPQR)
 (/usr/local/texlive/2022/texmf-dist/tex/latex/graphics/graphics.sty
Package: graphics 2021/03/04 v1.4d Standard LaTeX Graphics (DPC,SPQR)
 (/usr/local/texlive/2022/texmf-dist/tex/latex/graphics/trig.sty
Package: trig 2021/08/11 v1.11 sin cos tan (DPC)
) (/usr/local/texlive/2022/texmf-dist/tex/latex/graphics-cfg/graphics.cfg
File: graphics.cfg 2016/06/04 v1.11 sample graphics configuration
)
Package graphics Info: Driver file: pdftex.def on input line 107.
 (/usr/local/texlive/2022/texmf-dist/tex/latex/graphics-def/pdftex.def
File: pdftex.def 2020/10/05 v1.2a Graphics/color driver for pdftex
))
\Gin@req@height=\dimen150
\Gin@req@width=\dimen151
) (/usr/local/texlive/2022/texmf-dist/tex/latex/geometry/geometry.sty
Package: geometry 2020/01/02 v5.9 Page Geometry
 (/usr/local/texlive/2022/texmf-dist/tex/generic/iftex/ifvtex.sty
Package: ifvtex 2019/10/25 v1.7 ifvtex legacy package. Use iftex instead.
 (/usr/local/texlive/2022/texmf-dist/tex/generic/iftex/iftex.sty
Package: iftex 2022/02/03 v1.0f TeX engine tests
))
\Gm@cnth=\count279
\Gm@cntv=\count280
\c@Gm@tempcnt=\count281
\Gm@bindingoffset=\dimen152
\Gm@wd@mp=\dimen153
\Gm@odd@mp=\dimen154
\Gm@even@mp=\dimen155
\Gm@layoutwidth=\dimen156
\Gm@layoutheight=\dimen157
\Gm@layouthoffset=\dimen158
\Gm@layoutvoffset=\dimen159
\Gm@dimlist=\toks22
) (/usr/local/texlive/2022/texmf-dist/tex/latex/tools/tabularx.sty
Package: tabularx 2020/01/15 v2.11c `tabularx' package (DPC)
\TX@col@width=\dimen160
\TX@old@table=\dimen161
\TX@old@col=\dimen162
\TX@target=\dimen163
\TX@delta=\dimen164
\TX@cols=\count282
\TX@ftn=\toks23
) (/usr/local/texlive/2022/texmf-dist/tex/latex/blindtext/blindtext.sty
Package: blindtext 2012/01/06 V2.0 blindtext-Package
 (/usr/local/texlive/2022/texmf-dist/tex/latex/tools/xspace.sty
Package: xspace 2014/10/28 v1.13 Space after command names (DPC,MH)
)
\c@blindtext=\count283
\c@Blindtext=\count284
\c@blind@countparstart=\count285
\blind@countxx=\count286
\blindtext@numBlindtext=\count287
\blind@countyy=\count288
\c@blindlist=\count289
\c@blindlistlevel=\count290
\c@blindlist@level=\count291
\blind@listitem=\count292
\c@blind@listcount=\count293
\c@blind@levelcount=\count294
\blind@mathformula=\count295
\blind@Mathformula=\count296
\c@blind@randomcount=\count297
\c@blind@randommax=\count298
\c@blind@pangramcount=\count299
\c@blind@pangrammax=\count300
) (/usr/local/texlive/2022/texmf-dist/tex/latex/makecell/makecell.sty
Package: makecell 2009/08/03 V0.1e Managing of Tab Column Heads and Cells
\rotheadsize=\dimen165
\c@nlinenum=\count301
\TeXr@lab=\toks24
) (/usr/local/texlive/2022/texmf-dist/tex/latex/arabtex/arabtex.sty (/usr/local/texlive/2022/texmf-dist/tex/latex/arabtex/aconfig.sty
LaTeX2e detected 
BABEL detected
\a@moduledate=\count302
\a@maindate=\count303
)
Package: arabtex 2003/08/22  3.11 ArabTeX main module
 (/usr/local/texlive/2022/texmf-dist/tex/latex/arabtex/arabaux.sty
Package: arabaux 2003/05/21  3.11 auxiliary macros for ArabTeX
) (/usr/local/texlive/2022/texmf-dist/tex/latex/arabtex/acmd.sty
Package: acmd 2003/08/20  3.11 Arabic command processing 
) (/usr/local/texlive/2022/texmf-dist/tex/latex/arabtex/afonts.sty
Package: afonts 1995/11/16  3.04 define Naskh font 
 (/usr/local/texlive/2022/texmf-dist/tex/latex/arabtex/afonts2.sty
Package: afonts2 1998/10/19  3.10 define Naskh fonts for LaTeX2e
)) (/usr/local/texlive/2022/texmf-dist/tex/latex/arabtex/ascan.sty
Package: ascan 2003/08/22  3.11 standard ZDMG input encoding 
 (ArabTeX) scanner for code `arabtex' installed. (ArabTeX) input encoding set to ArabTeX standard conventions.) (/usr/local/texlive/2022/texmf-dist/tex/latex/arabtex/aparse.sty
Package: aparse 2003/05/26  3.11 get syllables 
) (/usr/local/texlive/2022/texmf-dist/tex/latex/arabtex/awrite.sty
Package: awrite 2003/06/05  3.11 build output word 
 (/usr/local/texlive/2022/texmf-dist/tex/latex/arabtex/xarbsymb.sty
Package: xarbsymb 1998/07/15  3.07 symbolic output encoding 
) (/usr/local/texlive/2022/texmf-dist/tex/latex/arabtex/arabskel.sty
Package: arabskel 2000/06/04  3.10 character skeleton definitions 
) (/usr/local/texlive/2022/texmf-dist/tex/latex/arabtex/xarbskel.sty
Package: xarbskel 1999/07/17  3.09 character skeleton definitions 
) (/usr/local/texlive/2022/texmf-dist/tex/latex/arabtex/aboxes.sty
Package: aboxes 2003/05/28  3.11 build output boxes
) (/usr/local/texlive/2022/texmf-dist/tex/latex/arabtex/arabtoks.sty
Package: arabtoks 1999/07/17  3.09 ArabTeX CS token definitions 
) (/usr/local/texlive/2022/texmf-dist/tex/latex/arabtex/arabchrs.sty
Package: arabchrs 1998/07/11  3.07 letter token definitions 
)) (/usr/local/texlive/2022/texmf-dist/tex/latex/arabtex/aligs.sty
Package: aligs 2003/05/26  3.11 compute ligatures
) (/usr/local/texlive/2022/texmf-dist/tex/latex/arabtex/aoutput.sty
Package: aoutput 2000/06/04  3.10 build output lines
) (/usr/local/texlive/2022/texmf-dist/tex/latex/arabtex/abidir.sty
Package: abidir 2003/08/22  3.11 bidirectional linebreaking
) (/usr/local/texlive/2022/texmf-dist/tex/latex/arabtex/atrans.sty
Package: atrans 2003/06/14  3.11 generate the transliteration 
 (ArabTeX) ZDMG transliteration.) (/usr/local/texlive/2022/texmf-dist/tex/latex/arabtex/alatex.sty
Package: alatex 2003/05/04  3.11 ArabTeX extensions for LaTeX 
 (/usr/local/texlive/2022/texmf-dist/tex/latex/arabtex/afoot.sty
Package: afoot 2003/05/12  3.11 ArabTeX footnotes
)) (/usr/local/texlive/2022/texmf-dist/tex/latex/arabtex/abjad.sty
Package: abjad 2003/04/26  3.11 abjad numerals 
) (/usr/local/texlive/2022/texmf-dist/tex/latex/arabtex/apatch.sty (/usr/local/texlive/2022/texmf-dist/tex/latex/arabtex/alists.sty
Package: alists 2003/04/26  3.11 inverted list macros
) (/usr/local/texlive/2022/texmf-dist/tex/latex/arabtex/asect.sty
Package: asect 2003/04/26  3.11 section macros for Arabic
) (/usr/local/texlive/2022/texmf-dist/tex/latex/arabtex/atabg.sty
Package: atabg 1997/01/21  3.05 LaTeX tabbing macros for Arabic
) (/usr/local/texlive/2022/texmf-dist/tex/latex/arabtex/alocal.sty (ArabTeX) 3.11 local stub, 26.02.2006)
Package: apatch 2006/07/02  3.11s last minute patches 
)
Arabic processor `ArabTeX' [20060702 patch level 3.11s (02.07.2006)]
(ArabTeX) ... now be patient ... ) (/usr/local/texlive/2022/texmf-dist/tex/latex/arabtex/utf8.sty (/usr/local/texlive/2022/texmf-dist/tex/latex/arabtex/utfcode.sty
Package: utfcode 2002/03/07  3.10a Arabic+Hebrew segment of UTF-8
\u@lb=\count333
\u@lq=\count334
)
Package: utf8 2000/06/13  3.10 UTF-8 input encoding 
 (ArabTeX) scanner for code UTF-8 installed.) (/usr/local/texlive/2022/texmf-dist/tex/latex/setspace/setspace.sty
Package: setspace 2011/12/19 v6.7a set line spacing
) (/usr/local/texlive/2022/texmf-dist/tex/latex/hyperref/hyperref.sty
Package: hyperref 2022-02-21 v7.00n Hypertext links for LaTeX
 (/usr/local/texlive/2022/texmf-dist/tex/generic/ltxcmds/ltxcmds.sty
Package: ltxcmds 2020-05-10 v1.25 LaTeX kernel commands for general use (HO)
) (/usr/local/texlive/2022/texmf-dist/tex/generic/pdftexcmds/pdftexcmds.sty
Package: pdftexcmds 2020-06-27 v0.33 Utility functions of pdfTeX for LuaTeX (HO)
 (/usr/local/texlive/2022/texmf-dist/tex/generic/infwarerr/infwarerr.sty
Package: infwarerr 2019/12/03 v1.5 Providing info/warning/error messages (HO)
)
Package pdftexcmds Info: \pdf@primitive is available.
Package pdftexcmds Info: \pdf@ifprimitive is available.
Package pdftexcmds Info: \pdfdraftmode found.
) (/usr/local/texlive/2022/texmf-dist/tex/generic/kvsetkeys/kvsetkeys.sty
Package: kvsetkeys 2019/12/15 v1.18 Key value parser (HO)
) (/usr/local/texlive/2022/texmf-dist/tex/generic/kvdefinekeys/kvdefinekeys.sty
Package: kvdefinekeys 2019-12-19 v1.6 Define keys (HO)
) (/usr/local/texlive/2022/texmf-dist/tex/generic/pdfescape/pdfescape.sty
Package: pdfescape 2019/12/09 v1.15 Implements pdfTeX's escape features (HO)
) (/usr/local/texlive/2022/texmf-dist/tex/latex/hycolor/hycolor.sty
Package: hycolor 2020-01-27 v1.10 Color options for hyperref/bookmark (HO)
) (/usr/local/texlive/2022/texmf-dist/tex/latex/letltxmacro/letltxmacro.sty
Package: letltxmacro 2019/12/03 v1.6 Let assignment for LaTeX macros (HO)
) (/usr/local/texlive/2022/texmf-dist/tex/latex/auxhook/auxhook.sty
Package: auxhook 2019-12-17 v1.6 Hooks for auxiliary files (HO)


Package auxhook Warning: Cannot patch \document,
(auxhook)                using \AtBeginDocument instead.

) (/usr/local/texlive/2022/texmf-dist/tex/latex/kvoptions/kvoptions.sty
Package: kvoptions 2020-10-07 v3.14 Key value format for package options (HO)
)
\@linkdim=\dimen188
\Hy@linkcounter=\count335
\Hy@pagecounter=\count336
 (/usr/local/texlive/2022/texmf-dist/tex/latex/hyperref/pd1enc.def
File: pd1enc.def 2022-02-21 v7.00n Hyperref: PDFDocEncoding definition (HO)
Now handling font encoding PD1 ...
... no UTF-8 mapping file for font encoding PD1
) (/usr/local/texlive/2022/texmf-dist/tex/generic/intcalc/intcalc.sty
Package: intcalc 2019/12/15 v1.3 Expandable calculations with integers (HO)
) (/usr/local/texlive/2022/texmf-dist/tex/generic/etexcmds/etexcmds.sty
Package: etexcmds 2019/12/15 v1.7 Avoid name clashes with e-TeX commands (HO)
)
\Hy@SavedSpaceFactor=\count337
 (/usr/local/texlive/2022/texmf-dist/tex/latex/hyperref/puenc.def
File: puenc.def 2022-02-21 v7.00n Hyperref: PDF Unicode definition (HO)
Now handling font encoding PU ...
... no UTF-8 mapping file for font encoding PU
)
Package hyperref Info: Hyper figures OFF on input line 4137.
Package hyperref Info: Link nesting OFF on input line 4142.
Package hyperref Info: Hyper index ON on input line 4145.
Package hyperref Info: Plain pages OFF on input line 4152.
Package hyperref Info: Backreferencing OFF on input line 4157.
Package hyperref Info: Implicit mode ON; LaTeX internals redefined.
Package hyperref Info: Bookmarks ON on input line 4390.
\c@Hy@tempcnt=\count338
 (/usr/local/texlive/2022/texmf-dist/tex/latex/url/url.sty
\Urlmuskip=\muskip16
Package: url 2013/09/16  ver 3.4  Verb mode for urls, etc.
)
LaTeX Info: Redefining \url on input line 4749.
\XeTeXLinkMargin=\dimen189
 (/usr/local/texlive/2022/texmf-dist/tex/generic/bitset/bitset.sty
Package: bitset 2019/12/09 v1.3 Handle bit-vector datatype (HO)
 (/usr/local/texlive/2022/texmf-dist/tex/generic/bigintcalc/bigintcalc.sty
Package: bigintcalc 2019/12/15 v1.5 Expandable calculations on big integers (HO)
))
\Fld@menulength=\count339
\Field@Width=\dimen190
\Fld@charsize=\dimen191
Package hyperref Info: Hyper figures OFF on input line 6027.
Package hyperref Info: Link nesting OFF on input line 6032.
Package hyperref Info: Hyper index ON on input line 6035.
Package hyperref Info: backreferencing OFF on input line 6042.
Package hyperref Info: Link coloring OFF on input line 6047.
Package hyperref Info: Link coloring with OCG OFF on input line 6052.
Package hyperref Info: PDF/A mode OFF on input line 6057.
LaTeX Info: Redefining \ref on input line 6097.
LaTeX Info: Redefining \pageref on input line 6101.
 (/usr/local/texlive/2022/texmf-dist/tex/latex/base/atbegshi-ltx.sty
Package: atbegshi-ltx 2021/01/10 v1.0c Emulation of the original atbegshi
package with kernel methods
)
\Hy@abspage=\count340
\c@Item=\count341
\c@Hfootnote=\count342
)
Package hyperref Info: Driver (autodetected): hpdftex.
 (/usr/local/texlive/2022/texmf-dist/tex/latex/hyperref/hpdftex.def
File: hpdftex.def 2022-02-21 v7.00n Hyperref driver for pdfTeX
 (/usr/local/texlive/2022/texmf-dist/tex/latex/base/atveryend-ltx.sty
Package: atveryend-ltx 2020/08/19 v1.0a Emulation of the original atveryend package
with kernel methods
)
\Fld@listcount=\count343
\c@bookmark@seq@number=\count344
 (/usr/local/texlive/2022/texmf-dist/tex/latex/rerunfilecheck/rerunfilecheck.sty
Package: rerunfilecheck 2019/12/05 v1.9 Rerun checks for auxiliary files (HO)
 (/usr/local/texlive/2022/texmf-dist/tex/generic/uniquecounter/uniquecounter.sty
Package: uniquecounter 2019/12/15 v1.4 Provide unlimited unique counter (HO)
)
Package uniquecounter Info: New unique counter `rerunfilecheck' on input line 286.
)
\Hy@SectionHShift=\skip57
)
Package hyperref Info: Option `colorlinks' set `true' on input line 23.
) (/usr/local/texlive/2022/texmf-dist/tex/latex/lettrine/lettrine.sty
File: lettrine.sty 2020-03-14 v2.23 (Daniel Flipo)
 (/usr/local/texlive/2022/texmf-dist/tex/generic/minifp/minifp.sty
Package: minifp 2013/12/30 v0.96. Macros for real number operations and a stack-based programing language.
\MFP@loopctr=\count345
)
\c@DefaultLines=\count346
\c@DefaultDepth=\count347
\DefaultFindent=\dimen192
\DefaultNindent=\dimen193
\DefaultSlope=\dimen194
\DiscardVskip=\dimen195
\L@lbox=\box67
\L@tbox=\box68
\c@L@lines=\count348
\c@L@depth=\count349
\L@Pindent=\dimen196
\L@Findent=\dimen197
\L@Nindent=\dimen198
\L@lraise=\dimen199
\L@first=\dimen256
\L@next=\dimen257
\L@slope=\dimen258
\L@height=\dimen259
\L@novskip=\dimen260
\L@target@ht=\dimen261
\L@target@dp=\dimen262
\L@target@tht=\dimen263
\LettrineWidth=\dimen264
\LettrineHeight=\dimen265
\LettrineDepth=\dimen266
\Llist@everypar=\toks45

Loading lettrine.cfg
(/usr/local/texlive/2022/texmf-dist/tex/latex/lettrine/lettrine.cfg)) (/usr/local/texlive/2022/texmf-dist/tex/latex/l3backend/l3backend-pdftex.def
File: l3backend-pdftex.def 2022-02-07 L3 backend support: PDF output (pdfTeX)
\l__color_backend_stack_int=\count350
\l__pdf_internal_box=\box69
) (./main.aux (./parts/title.aux) (./parts/pems.aux (/usr/local/texlive/2022/texmf-dist/tex/generic/babel/locale/ar/babel-arabic.tex
Package babel Info: Importing basic data for arabic
(babel)             from babel-ar.ini. Reported on input line 11.
)) (./abstracts/french.aux) (./abstracts/english.aux) (./parts/introduction.aux) (./chapitres/chap1/chap1.aux) (./chapitres/chap2/chap2.aux) (./chapitres/chap3/chapitre3.aux) (./chapitres/chap4/chapter4.aux) (./parts/conclue.aux))
\openout1 = `main.aux'.

LaTeX Font Info:    Checking defaults for OML/cmm/m/it on input line 4.
LaTeX Font Info:    ... okay on input line 4.
LaTeX Font Info:    Checking defaults for OMS/cmsy/m/n on input line 4.
LaTeX Font Info:    ... okay on input line 4.
LaTeX Font Info:    Checking defaults for OT1/cmr/m/n on input line 4.
LaTeX Font Info:    ... okay on input line 4.
LaTeX Font Info:    Checking defaults for T1/cmr/m/n on input line 4.
LaTeX Font Info:    ... okay on input line 4.
LaTeX Font Info:    Checking defaults for TS1/cmr/m/n on input line 4.
LaTeX Font Info:    ... okay on input line 4.
LaTeX Font Info:    Checking defaults for OMX/cmex/m/n on input line 4.
LaTeX Font Info:    ... okay on input line 4.
LaTeX Font Info:    Checking defaults for U/cmr/m/n on input line 4.
LaTeX Font Info:    ... okay on input line 4.
LaTeX Font Info:    Checking defaults for PD1/pdf/m/n on input line 4.
LaTeX Font Info:    ... okay on input line 4.
LaTeX Font Info:    Checking defaults for PU/pdf/m/n on input line 4.
LaTeX Font Info:    ... okay on input line 4.
LaTeX Info: Redefining \degres on input line 4.
LaTeX Info: Redefining \up on input line 4.
 (/usr/local/texlive/2022/texmf-dist/tex/context/base/mkii/supp-pdf.mkii
[Loading MPS to PDF converter (version 2006.09.02).]
\scratchcounter=\count351
\scratchdimen=\dimen267
\scratchbox=\box70
\nofMPsegments=\count352
\nofMParguments=\count353
\everyMPshowfont=\toks46
\MPscratchCnt=\count354
\MPscratchDim=\dimen268
\MPnumerator=\count355
\makeMPintoPDFobject=\count356
\everyMPtoPDFconversion=\toks47
) (/usr/local/texlive/2022/texmf-dist/tex/latex/epstopdf-pkg/epstopdf-base.sty
Package: epstopdf-base 2020-01-24 v2.11 Base part for package epstopdf
Package epstopdf-base Info: Redefining graphics rule for `.eps' on input line 485.
 (/usr/local/texlive/2022/texmf-dist/tex/latex/latexconfig/epstopdf-sys.cfg
File: epstopdf-sys.cfg 2010/07/13 v1.3 Configuration of (r)epstopdf for TeX Live
))
*geometry* driver: auto-detecting
*geometry* detected driver: pdftex
*geometry* verbose mode - [ preamble ] result:
* driver: pdftex
* paper: a4paper
* layout: <same size as paper>
* layoutoffset:(h,v)=(0.0pt,0.0pt)
* modes: 
* h-part:(L,W,R)=(71.13188pt, 455.24411pt, 71.13188pt)
* v-part:(T,H,B)=(71.13188pt, 702.78308pt, 71.13188pt)
* \paperwidth=597.50787pt
* \paperheight=845.04684pt
* \textwidth=455.24411pt
* \textheight=702.78308pt
* \oddsidemargin=-1.1381pt
* \evensidemargin=-1.1381pt
* \topmargin=-38.1381pt
* \headheight=12.0pt
* \headsep=25.0pt
* \topskip=11.0pt
* \footskip=30.0pt
* \marginparwidth=59.0pt
* \marginparsep=10.0pt
* \columnsep=10.0pt
* \skip\footins=10.0pt plus 4.0pt minus 2.0pt
* \hoffset=0.0pt
* \voffset=0.0pt
* \mag=1000
* \@twocolumnfalse
* \@twosidefalse
* \@mparswitchfalse
* \@reversemarginfalse
* (1in=72.27pt=25.4mm, 1cm=28.453pt)

(/usr/local/texlive/2022/texmf-dist/tex/latex/graphics/color.sty
Package: color 2021/12/07 v1.3c Standard LaTeX Color (DPC)
 (/usr/local/texlive/2022/texmf-dist/tex/latex/graphics-cfg/color.cfg
File: color.cfg 2016/01/02 v1.6 sample color configuration
)
Package color Info: Driver file: pdftex.def on input line 149.
)
Package hyperref Info: Link coloring ON on input line 4.
 (/usr/local/texlive/2022/texmf-dist/tex/latex/hyperref/nameref.sty
Package: nameref 2021-04-02 v2.47 Cross-referencing by name of section
 (/usr/local/texlive/2022/texmf-dist/tex/latex/refcount/refcount.sty
Package: refcount 2019/12/15 v3.6 Data extraction from label references (HO)
) (/usr/local/texlive/2022/texmf-dist/tex/generic/gettitlestring/gettitlestring.sty
Package: gettitlestring 2019/12/15 v1.6 Cleanup title references (HO)
)
\c@section@level=\count357
)
LaTeX Info: Redefining \ref on input line 4.
LaTeX Info: Redefining \pageref on input line 4.
LaTeX Info: Redefining \nameref on input line 4.
 (./main.out) (./main.out)
\@outlinefile=\write5
\openout5 = `main.out'.

 (/usr/local/texlive/2022/texmf-dist/tex/latex/arabtex/apatch.sty
\a@lines=\count358
\a@Lwidth=\dimen269
\a@displaywidth=\dimen270
 (/usr/local/texlive/2022/texmf-dist/tex/latex/arabtex/alocal.sty (ArabTeX) 3.11 local stub, 26.02.2006) (ArabTeX) version 3.11s (02.07.2006): second phase of patching) (ArabTeX) input encoding set to UTF-8 conventions
\openout2 = `parts/title.aux'.

 (./parts/title.tex
File: images/logoisis.png Graphic file (type png)
<use images/logoisis.png>
Package pdftex.def Info: images/logoisis.png  used on input line 10.
(pdftex.def)             Requested size: 91.04742pt x 78.25417pt.
File: images/clarisyslogo.png Graphic file (type png)
<use images/clarisyslogo.png>
Package pdftex.def Info: images/clarisyslogo.png  used on input line 10.
(pdftex.def)             Requested size: 136.57462pt x 77.08351pt.


LaTeX Font Warning: Font shape `T1/cmr/bx/scit' undefined
(Font)              using `T1/cmr/bx/sc' instead on input line 28.


LaTeX Font Warning: Font shape `T1/cmr/bx/scit' undefined
(Font)              using `T1/cmr/bx/sc' instead on input line 28.


LaTeX Font Warning: Font shape `T1/cmr/bx/scit' undefined
(Font)              using `T1/cmr/bx/sc' instead on input line 28.

[1


{/usr/local/texlive/2022/texmf-var/fonts/map/pdftex/updmap/pdftex.map} <./images/logoisis.png> <./images/clarisyslogo.png>])
pdfTeX warning (ext4): destination with the same identifier (name{page.1}) has been already used, duplicate ignored
<to be read again> 
                   \relax 
l.10 \newpage
              [1


]
\openout2 = `parts/pems.aux'.

 (./parts/pems.tex
LaTeX Font Info:    Trying to load font information for U+xnsh on input line 5.
 (/usr/local/texlive/2022/texmf-dist/tex/latex/arabtex/Uxnsh.fd
File: uxnsh.fd  1999/10/19 v3.10 ArabTeX Naskh extd. font definitions
)
LaTeX Font Info:    Font shape `U/xnsh/m/n' will be
(Font)              scaled to size 15.76802pt on input line 5.


LaTeX Font Warning: Font shape `U/xnsh/b/n' undefined
(Font)              using `U/xnsh/bx/n' instead on input line 6.

LaTeX Font Info:    Font shape `U/xnsh/bx/n' will be
(Font)              scaled to size 15.76802pt on input line 6.

LaTeX Font Warning: Font shape `U/xnsh/b/n' undefined
(Font)              using `U/xnsh/bx/n' instead on input line 8.

LaTeX Font Info:    Trying to load font information for T1+pnc on input line 17.
(/usr/local/texlive/2022/texmf-dist/tex/latex/psnfss/t1pnc.fd
File: t1pnc.fd 2001/06/04 font definitions for T1/pnc.
)) [2


]
\openout2 = `abstracts/french.aux'.

 (./abstracts/french.tex

LaTeX Font Warning: Font shape `T1/cmr/m/n' in size <25.95734> not available
(Font)              size <24.88> substituted on input line 2.


LaTeX Font Warning: Font shape `T1/cmr/m/n' in size <39.32732> not available
(Font)              size <35.83> substituted on input line 2.


LaTeX Font Warning: Font shape `T1/cmr/bx/n' in size <39.32732> not available
(Font)              size <35.83> substituted on input line 2.

Package lettrine.sty Info: Targeted height = 25.95734pt
(lettrine.sty)             (for loversize=0, accent excluded),
(lettrine.sty)             Lettrine height = 24.63647pt ({\textbf {L}});
(lettrine.sty)             reported on input line 2.
)
pdfTeX warning (ext4): destination with the same identifier (name{page.1}) has been already used, duplicate ignored
<to be read again> 
                   \relax 
l.15 \include{abstracts/french}
                                [1



]
\openout2 = `abstracts/english.aux'.

 (./abstracts/english.tex
Package lettrine.sty Info: Targeted height = 25.95734pt
(lettrine.sty)             (for loversize=0, accent excluded),
(lettrine.sty)             Lettrine height = 24.63647pt ({\textbf {T}});
(lettrine.sty)             reported on input line 3.
)
pdfTeX warning (ext4): destination with the same identifier (name{page.1}) has been already used, duplicate ignored
<to be read again> 
                   \relax 
l.16 \include{abstracts/english}
                                 [1



]
\openout2 = `parts/introduction.aux'.

 (./parts/introduction.tex
Package lettrine.sty Info: Targeted height = 25.95734pt
(lettrine.sty)             (for loversize=0, accent excluded),
(lettrine.sty)             Lettrine height = 24.63647pt ({\textbf {L}});
(lettrine.sty)             reported on input line 5.
)
pdfTeX warning (ext4): destination with the same identifier (name{page.2}) has been already used, duplicate ignored
<to be read again> 
                   \relax 
l.17 \include{parts/introduction}
                                  [2




] (./main.lof)
\tf@lof=\write6
\openout6 = `main.lof'.

 [3



] (./main.toc [4

])
\tf@toc=\write7
\openout7 = `main.toc'.

 [0]
\openout2 = `chapitres/chap1/chap1.aux'.

 (./chapitres/chap1/chap1.tex
Chapitre 1.
(./chapitres/chap1/problematique.tex) (./chapitres/chap1/chronophage.tex
pdfTeX warning (ext4): destination with the same identifier (name{page.1}) has been already used, duplicate ignored
<to be read again> 
                   \relax 
l.1 \section
            {La maintenance: une tâche chronophage} [1


]
pdfTeX warning (ext4): destination with the same identifier (name{page.2}) has been already used, duplicate ignored
<to be read again> 
                   \relax 
l.1 \section
            {La maintenance: une tâche chronophage} [2]
<images/sondage_chronophage.png, id=333, 295.8252pt x 271.7352pt>
File: images/sondage_chronophage.png Graphic file (type png)
<use images/sondage_chronophage.png>
Package pdftex.def Info: images/sondage_chronophage.png  used on input line 9.
(pdftex.def)             Requested size: 295.82446pt x 271.73451pt.

pdfTeX warning (ext4): destination with the same identifier (name{page.3}) has been already used, duplicate ignored
<to be read again> 
                   \relax 
l.29 
      [3 <./images/sondage_chronophage.png>]) (./chapitres/chap1/elemnts.tex
pdfTeX warning (ext4): destination with the same identifier (name{page.4}) has been already used, duplicate ignored
<to be read again> 
                   \relax 
l.1 \section
            {Élements pour répondre aux éxigences de la norme NF en ISO-1... [4]
Underfull \hbox (badness 10000) in paragraph at lines 7--15

 []

) (./chapitres/chap1/gmao.tex [5]
Underfull \hbox (badness 10000) in paragraph at lines 8--14

 []

) (./chapitres/chap1/objectives_resultats.tex [6])) [7]
\openout2 = `chapitres/chap2/chap2.aux'.

 (./chapitres/chap2/chap2.tex
Chapitre 2.
(./chapitres/chap2/def.tex [8




]) (./chapitres/chap2/orga_object.tex
<images/mait_orga.png, id=366, 453.3738pt x 274.626pt>
File: images/mait_orga.png Graphic file (type png)
<use images/mait_orga.png>
Package pdftex.def Info: images/mait_orga.png  used on input line 4.
(pdftex.def)             Requested size: 453.37268pt x 274.62532pt.

Underfull \hbox (badness 10000) in paragraph at lines 9--15

 []

[9 <./images/mait_orga.png>]) (./chapitres/chap2/situation_initiale.tex [10]
<images/frameworks_2023.png, id=380, 1156.32pt x 650.43pt>
File: images/frameworks_2023.png Graphic file (type png)
<use images/frameworks_2023.png>
Package pdftex.def Info: images/frameworks_2023.png  used on input line 26.
(pdftex.def)             Requested size: 399.98947pt x 199.99362pt.
 [11 <./images/frameworks_2023.png>]
<images/django_pattern.png, id=389, 391.2216pt x 219.7008pt>
File: images/django_pattern.png Graphic file (type png)
<use images/django_pattern.png>
Package pdftex.def Info: images/django_pattern.png  used on input line 42.
(pdftex.def)             Requested size: 400.00185pt x 200.00848pt.
 [12 <./images/django_pattern.png>]
<images/arch_rest.png, id=400, 229.8186pt x 173.448pt>
File: images/arch_rest.png Graphic file (type png)
<use images/arch_rest.png>
Package pdftex.def Info: images/arch_rest.png  used on input line 83.
(pdftex.def)             Requested size: 229.81804pt x 173.44757pt.
<images/rest_api_pres.png, id=403, 421.0932pt x 169.5936pt>
File: images/rest_api_pres.png Graphic file (type png)
<use images/rest_api_pres.png>
Package pdftex.def Info: images/rest_api_pres.png  used on input line 105.
(pdftex.def)             Requested size: 421.09216pt x 169.59317pt.
 [13 <./images/arch_rest.png>] [14 <./images/rest_api_pres.png>]
<images/richardson.png, id=418, 422.5386pt x 249.5724pt>
File: images/richardson.png Graphic file (type png)
<use images/richardson.png>
Package pdftex.def Info: images/richardson.png  used on input line 117.
(pdftex.def)             Requested size: 422.53757pt x 249.57178pt.

Underfull \hbox (badness 10000) in paragraph at lines 121--134

 []

[15 <./images/richardson.png>]
<images/nohtaos.png, id=428, 453.3738pt x 130.086pt>
File: images/nohtaos.png Graphic file (type png)
<use images/nohtaos.png>
Package pdftex.def Info: images/nohtaos.png  used on input line 142.
(pdftex.def)             Requested size: 453.37268pt x 130.08566pt.
<images/htaos.png, id=429, 453.3738pt x 142.131pt>
File: images/htaos.png Graphic file (type png)
<use images/htaos.png>
Package pdftex.def Info: images/htaos.png  used on input line 155.
(pdftex.def)             Requested size: 453.37268pt x 142.13063pt.
 [16 <./images/nohtaos.png> <./images/htaos.png>]
Underfull \hbox (badness 10000) in paragraph at lines 172--177

 []


Underfull \hbox (badness 10000) in paragraph at lines 178--185

 []

[17]
<images/docker.png, id=441, 341.1144pt x 173.448pt>
File: images/docker.png Graphic file (type png)
<use images/docker.png>
Package pdftex.def Info: images/docker.png  used on input line 209.
(pdftex.def)             Requested size: 341.11354pt x 173.44757pt.
 [18 <./images/docker.png>] [19]
<images/frontend_frameworks.png, id=453, 453.3738pt x 226.446pt>
File: images/frontend_frameworks.png Graphic file (type png)
<use images/frontend_frameworks.png>
Package pdftex.def Info: images/frontend_frameworks.png  used on input line 268.
(pdftex.def)             Requested size: 453.37268pt x 226.44543pt.
 [20 <./images/frontend_frameworks.png>]
<images/vuejs.png, id=459, 214.401pt x 129.1224pt>
File: images/vuejs.png Graphic file (type png)
<use images/vuejs.png>
Package pdftex.def Info: images/vuejs.png  used on input line 276.
(pdftex.def)             Requested size: 214.40047pt x 129.12209pt.
) (./chapitres/chap2/old_maintenance.tex [21 <./images/vuejs.png>]
<images/processus_old.png, id=468, 357.0138pt x 289.08pt>
File: images/processus_old.png Graphic file (type png)
<use images/processus_old.png>
Package pdftex.def Info: images/processus_old.png  used on input line 12.
(pdftex.def)             Requested size: 400.01068pt x 400.02034pt.
 [22 <./images/processus_old.png>]
<images/old_interface_maint.png, id=475, 453.3738pt x 223.5552pt>
File: images/old_interface_maint.png Graphic file (type png)
<use images/old_interface_maint.png>
Package pdftex.def Info: images/old_interface_maint.png  used on input line 37.
(pdftex.def)             Requested size: 453.37268pt x 223.55464pt.
) (./chapitres/chap2/proposition_nouvelle_solution.tex [23 <./images/old_interface_maint.png>] [24]
<images/db_diagramm.png, id=485, 642.4pt x 341.275pt>
File: images/db_diagramm.png Graphic file (type png)
<use images/db_diagramm.png>
Package pdftex.def Info: images/db_diagramm.png  used on input line 58.
(pdftex.def)             Requested size: 400.0pt x 212.5048pt.
 [25 <./images/db_diagramm.png>]) (./chapitres/chap2/ledevlopment.tex [26]
<images/inventaire.png, id=494, 951.555pt x 815.045pt>
File: images/inventaire.png Graphic file (type png)
<use images/inventaire.png>
Package pdftex.def Info: images/inventaire.png  used on input line 18.
(pdftex.def)             Requested size: 399.99884pt x 399.99736pt.
 [27 <./images/inventaire.png>]
<images/operation_settings.png, id=500, 939.51pt x 847.165pt>
File: images/operation_settings.png Graphic file (type png)
<use images/operation_settings.png>
Package pdftex.def Info: images/operation_settings.png  used on input line 50.
(pdftex.def)             Requested size: 299.9899pt x 219.99916pt.
 [28 <./images/operation_settings.png>] [29]
<images/dashboard.png, id=511, 1854.93pt x 857.2025pt>
File: images/dashboard.png Graphic file (type png)
<use images/dashboard.png>
Package pdftex.def Info: images/dashboard.png  used on input line 86.
(pdftex.def)             Requested size: 450.00397pt x 399.99458pt.
)) [30 <./images/dashboard.png>]
\openout2 = `chapitres/chap3/chapitre3.aux'.

 (./chapitres/chap3/chapitre3.tex
Chapitre 3.
[31




]
<images/issue_gitlab.png, id=521, 453.3738pt x 349.305pt>
File: images/issue_gitlab.png Graphic file (type png)
<use images/issue_gitlab.png>
Package pdftex.def Info: images/issue_gitlab.png  used on input line 60.
(pdftex.def)             Requested size: 453.37268pt x 349.30414pt.
<images/cycle_gitlab.png, id=522, 392.1852pt x 217.7736pt>
File: images/cycle_gitlab.png Graphic file (type png)
<use images/cycle_gitlab.png>
Package pdftex.def Info: images/cycle_gitlab.png  used on input line 65.
(pdftex.def)             Requested size: 392.18423pt x 217.77306pt.
 [32] [33 <./images/issue_gitlab.png> <./images/cycle_gitlab.png>]
<images/board_gitlab.png, id=533, 453.3738pt x 225.4824pt>
File: images/board_gitlab.png Graphic file (type png)
<use images/board_gitlab.png>
Package pdftex.def Info: images/board_gitlab.png  used on input line 78.
(pdftex.def)             Requested size: 453.37268pt x 225.48184pt.
) [34 <./images/board_gitlab.png>]
\openout2 = `chapitres/chap4/chapter4.aux'.

 (./chapitres/chap4/chapter4.tex
Chapitre 4.
[35




]
<images/skill_hard.png, id=544, 431.211pt x 431.211pt>
File: images/skill_hard.png Graphic file (type png)
<use images/skill_hard.png>
Package pdftex.def Info: images/skill_hard.png  used on input line 24.
(pdftex.def)             Requested size: 431.20995pt x 431.20995pt.
 [36 <./images/skill_hard.png>]) [37]
\openout2 = `parts/conclue.aux'.

 (./parts/conclue.tex
Chapitre 5.
) [38




] (./main.bbl
Overfull \hbox (14.49937pt too wide) in paragraph at lines 13--17
[]\T1/cmr/m/n/10.95 Roy T. Fiel-ding.  Rest apis must be hypertext-driven,https ://roy.gbiv.com/untangled/2008/rest-
 []

) [39



] (./main.aux (./parts/title.aux) (./parts/pems.aux) (./abstracts/french.aux) (./abstracts/english.aux) (./parts/introduction.aux) (./chapitres/chap1/chap1.aux) (./chapitres/chap2/chap2.aux) (./chapitres/chap3/chapitre3.aux) (./chapitres/chap4/chapter4.aux) (./parts/conclue.aux))

 *File List*
  report.cls    2021/10/04 v1.4n Standard LaTeX document class
  size11.clo    2021/10/04 v1.4n Standard LaTeX file (size option)
all_packages.sty    
   babel.sty    2022/02/26 3.73 The Babel package
 english.ldf    2017/06/06 v3.3r English support from the babel system
  french.ldf    2021/07/20 v3.5m French support from the babel system
scalefnt.sty    
  keyval.sty    2014/10/28 v1.15 key=value parser (DPC)
numprint.sty    2012/08/20 v1.39 Print numbers (HH)
   array.sty    2021/10/04 v2.5f Tabular extension package (FMi)
 fontenc.sty
hyphenat.sty    2009/09/02 v2.3c hyphenation utilities
graphicx.sty    2021/09/16 v1.2d Enhanced LaTeX Graphics (DPC,SPQR)
graphics.sty    2021/03/04 v1.4d Standard LaTeX Graphics (DPC,SPQR)
    trig.sty    2021/08/11 v1.11 sin cos tan (DPC)
graphics.cfg    2016/06/04 v1.11 sample graphics configuration
  pdftex.def    2020/10/05 v1.2a Graphics/color driver for pdftex
geometry.sty    2020/01/02 v5.9 Page Geometry
  ifvtex.sty    2019/10/25 v1.7 ifvtex legacy package. Use iftex instead.
   iftex.sty    2022/02/03 v1.0f TeX engine tests
tabularx.sty    2020/01/15 v2.11c `tabularx' package (DPC)
blindtext.sty    2012/01/06 V2.0 blindtext-Package
  xspace.sty    2014/10/28 v1.13 Space after command names (DPC,MH)
makecell.sty    2009/08/03 V0.1e Managing of Tab Column Heads and Cells
 arabtex.sty    2003/08/22  3.11 ArabTeX main module
 arabaux.sty    2003/05/21  3.11 auxiliary macros for ArabTeX
    acmd.sty    2003/08/20  3.11 Arabic command processing 
  afonts.sty    1995/11/16  3.04 define Naskh font 
 afonts2.sty    1998/10/19  3.10 define Naskh fonts for LaTeX2e
   ascan.sty    2003/08/22  3.11 standard ZDMG input encoding 
  aparse.sty    2003/05/26  3.11 get syllables 
  awrite.sty    2003/06/05  3.11 build output word 
xarbsymb.sty    1998/07/15  3.07 symbolic output encoding 
arabskel.sty    2000/06/04  3.10 character skeleton definitions 
xarbskel.sty    1999/07/17  3.09 character skeleton definitions 
  aboxes.sty    2003/05/28  3.11 build output boxes
arabtoks.sty    1999/07/17  3.09 ArabTeX CS token definitions 
arabchrs.sty    1998/07/11  3.07 letter token definitions 
   aligs.sty    2003/05/26  3.11 compute ligatures
 aoutput.sty    2000/06/04  3.10 build output lines
  abidir.sty    2003/08/22  3.11 bidirectional linebreaking
  atrans.sty    2003/06/14  3.11 generate the transliteration 
  alatex.sty    2003/05/04  3.11 ArabTeX extensions for LaTeX 
   afoot.sty    2003/05/12  3.11 ArabTeX footnotes
   abjad.sty    2003/04/26  3.11 abjad numerals 
  apatch.sty    2006/07/02  3.11s last minute patches 
  alists.sty    2003/04/26  3.11 inverted list macros
   asect.sty    2003/04/26  3.11 section macros for Arabic
   atabg.sty    1997/01/21  3.05 LaTeX tabbing macros for Arabic
    utf8.sty    2000/06/13  3.10 UTF-8 input encoding 
 utfcode.sty    2002/03/07  3.10a Arabic+Hebrew segment of UTF-8
setspace.sty    2011/12/19 v6.7a set line spacing
hyperref.sty    2022-02-21 v7.00n Hypertext links for LaTeX
 ltxcmds.sty    2020-05-10 v1.25 LaTeX kernel commands for general use (HO)
pdftexcmds.sty    2020-06-27 v0.33 Utility functions of pdfTeX for LuaTeX (HO)
infwarerr.sty    2019/12/03 v1.5 Providing info/warning/error messages (HO)
kvsetkeys.sty    2019/12/15 v1.18 Key value parser (HO)
kvdefinekeys.sty    2019-12-19 v1.6 Define keys (HO)
pdfescape.sty    2019/12/09 v1.15 Implements pdfTeX's escape features (HO)
 hycolor.sty    2020-01-27 v1.10 Color options for hyperref/bookmark (HO)
letltxmacro.sty    2019/12/03 v1.6 Let assignment for LaTeX macros (HO)
 auxhook.sty    2019-12-17 v1.6 Hooks for auxiliary files (HO)
kvoptions.sty    2020-10-07 v3.14 Key value format for package options (HO)
  pd1enc.def    2022-02-21 v7.00n Hyperref: PDFDocEncoding definition (HO)
 intcalc.sty    2019/12/15 v1.3 Expandable calculations with integers (HO)
etexcmds.sty    2019/12/15 v1.7 Avoid name clashes with e-TeX commands (HO)
   puenc.def    2022-02-21 v7.00n Hyperref: PDF Unicode definition (HO)
     url.sty    2013/09/16  ver 3.4  Verb mode for urls, etc.
  bitset.sty    2019/12/09 v1.3 Handle bit-vector datatype (HO)
bigintcalc.sty    2019/12/15 v1.5 Expandable calculations on big integers (HO)
atbegshi-ltx.sty    2021/01/10 v1.0c Emulation of the original atbegshi
package with kernel methods
 hpdftex.def    2022-02-21 v7.00n Hyperref driver for pdfTeX
atveryend-ltx.sty    2020/08/19 v1.0a Emulation of the original atveryend package
with kernel methods
rerunfilecheck.sty    2019/12/05 v1.9 Rerun checks for auxiliary files (HO)
uniquecounter.sty    2019/12/15 v1.4 Provide unlimited unique counter (HO)
lettrine.sty    2020-03-14 v2.23 (Daniel Flipo)
  minifp.sty    2013/12/30 v0.96. Macros for real number operations and a stack-based programing language.
lettrine.cfg
l3backend-pdftex.def    2022-02-07 L3 backend support: PDF output (pdfTeX)
babel-arabic.tex
supp-pdf.mkii
epstopdf-base.sty    2020-01-24 v2.11 Base part for package epstopdf
epstopdf-sys.cfg    2010/07/13 v1.3 Configuration of (r)epstopdf for TeX Live
   color.sty    2021/12/07 v1.3c Standard LaTeX Color (DPC)
   color.cfg    2016/01/02 v1.6 sample color configuration
 nameref.sty    2021-04-02 v2.47 Cross-referencing by name of section
refcount.sty    2019/12/15 v3.6 Data extraction from label references (HO)
gettitlestring.sty    2019/12/15 v1.6 Cleanup title references (HO)
    main.out
    main.out
  apatch.sty    2006/07/02  3.11s last minute patches 
parts/title.tex
images/logoisis.png
images/clarisyslogo.png
images/logoisis.png
images/clarisyslogo.png
images/logoisis.png
images/clarisyslogo.png
parts/pems.tex
   Uxnsh.fd
   t1pnc.fd    2001/06/04 font definitions for T1/pnc.
abstracts/french.tex
abstracts/english.tex
parts/introduction.tex
chapitres/chap1/chap1.tex
chapitres/chap1/problematique.tex
chapitres/chap1/chronophage.tex
images/sondage_chronophage.png
chapitres/chap1/elemnts.tex
chapitres/chap1/gmao.tex
chapitres/chap1/objectives_resultats.tex
chapitres/chap2/chap2.tex
chapitres/chap2/def.tex
chapitres/chap2/orga_object.tex
images/mait_orga.png
chapitres/chap2/situation_initiale.tex
images/frameworks_2023.png
images/django_pattern.png
images/arch_rest.png
images/rest_api_pres.png
images/richardson.png
images/nohtaos.png
images/htaos.png
images/docker.png
images/frontend_frameworks.png
images/vuejs.png
chapitres/chap2/old_maintenance.tex
images/processus_old.png
images/old_interface_maint.png
chapitres/chap2/proposition_nouvelle_solution.tex
images/db_diagramm.png
chapitres/chap2/ledevlopment.tex
images/inventaire.png
images/operation_settings.png
images/dashboard.png
chapitres/chap3/chapitre3.tex
images/issue_gitlab.png
images/cycle_gitlab.png
images/board_gitlab.png
chapitres/chap4/chapter4.tex
images/skill_hard.png
parts/conclue.tex
    main.bbl
 ***********


LaTeX Font Warning: Size substitutions with differences
(Font)              up to 3.49731pt have occurred.

Package rerunfilecheck Info: File `main.out' has not changed.
(rerunfilecheck)             Checksum: 6BE7E58636FF94FDD445793886D267BF;8732.
 )
(\end occurred inside a group at level 1)

### semi simple group (level 1) entered at line 4 (\begingroup)
### bottom level 
Here is how much of TeX's memory you used:
 15557 strings out of 478268
 246813 string characters out of 5846346
 585350 words of memory out of 5000000
 33227 multiletter control sequences out of 15000+600000
 495008 words of font info for 67 fonts, out of 8000000 for 9000
 1143 hyphenation exceptions out of 8191
 75i,19n,77p,1140b,2517s stack positions out of 10000i,1000n,20000p,200000b,200000s
{/usr/local/texlive/2022/texmf-dist/fonts/enc/dvips/cm-super/cm-super-ts1.enc}{/usr/local/texlive/2022/texmf-dist/fonts/enc/dvips/cm-super/cm-super-t1.enc}{/usr/local/texlive/2022/texmf-dist/fonts/enc/dvips/base/8r.enc}</usr/local/texlive/2022/texmf-dist/fonts/type1/public/cm-super/sfbi1000.pfb></usr/local/texlive/2022/texmf-dist/fonts/type1/public/cm-super/sfbi1200.pfb></usr/local/texlive/2022/texmf-dist/fonts/type1/public/cm-super/sfbx1095.pfb></usr/local/texlive/2022/texmf-dist/fonts/type1/public/cm-super/sfbx1200.pfb></usr/local/texlive/2022/texmf-dist/fonts/type1/public/cm-super/sfbx1440.pfb></usr/local/texlive/2022/texmf-dist/fonts/type1/public/cm-super/sfbx2074.pfb></usr/local/texlive/2022/texmf-dist/fonts/type1/public/cm-super/sfbx2488.pfb></usr/local/texlive/2022/texmf-dist/fonts/type1/public/cm-super/sfbx3583.pfb></usr/local/texlive/2022/texmf-dist/fonts/type1/public/cm-super/sfcc1095.pfb></usr/local/texlive/2022/texmf-dist/fonts/type1/public/cm-super/sfrm0800.pfb></usr/local/texlive/2022/texmf-dist/fonts/type1/public/cm-super/sfrm0900.pfb></usr/local/texlive/2022/texmf-dist/fonts/type1/public/cm-super/sfrm1095.pfb></usr/local/texlive/2022/texmf-dist/fonts/type1/public/cm-super/sfti1095.pfb></usr/local/texlive/2022/texmf-dist/fonts/type1/public/cm-super/sfxc1200.pfb></usr/local/texlive/2022/texmf-dist/fonts/type1/urw/ncntrsbk/uncr8a.pfb></usr/local/texlive/2022/texmf-dist/fonts/type1/public/arabtex/xnsh14.pfb>
Output written on main.pdf (48 pages, 2368119 bytes).
PDF statistics:
 667 PDF objects out of 1000 (max. 8388607)
 532 compressed objects within 6 object streams
 126 named destinations out of 1000 (max. 500000)
 481 words of extra memory for PDF output out of 10000 (max. 10000000)

