\BOOKMARK [0][-]{chapter.1}{\376\377\000R\000a\000p\000p\000o\000r\000t\000\040\000d\000'\000a\000c\000t\000i\000o\000n}{}% 1
\BOOKMARK [1][-]{section.1.1}{\376\377\000L\000e\000s\000\040\000p\000r\000o\000b\000l\000\350\000m\000a\000t\000i\000q\000u\000e\000s}{chapter.1}% 2
\BOOKMARK [1][-]{section.1.2}{\376\377\000L\000a\000\040\000m\000a\000i\000n\000t\000e\000n\000a\000n\000c\000e\000:\000\040\000u\000n\000e\000\040\000t\000\342\000c\000h\000e\000\040\000c\000h\000r\000o\000n\000o\000p\000h\000a\000g\000e}{chapter.1}% 3
\BOOKMARK [1][-]{section.1.3}{\376\377\000\311\000l\000e\000m\000e\000n\000t\000s\000\040\000p\000o\000u\000r\000\040\000r\000\351\000p\000o\000n\000d\000r\000e\000\040\000a\000u\000x\000\040\000\351\000x\000i\000g\000e\000n\000c\000e\000s\000\040\000d\000e\000\040\000l\000a\000\040\000n\000o\000r\000m\000e\000\040\000N\000F\000\040\000e\000n\000\040\000I\000S\000O\000-\0001\0005\0001\0008\0009}{chapter.1}% 4
\BOOKMARK [1][-]{section.1.4}{\376\377\000G\000.\000M\000.\000A\000.\000O}{chapter.1}% 5
\BOOKMARK [1][-]{section.1.5}{\376\377\000L\000e\000s\000\040\000o\000b\000j\000e\000c\000t\000v\000e\000s\000\040\000f\000i\000x\000\351\000e\000s}{chapter.1}% 6
\BOOKMARK [1][-]{section.1.6}{\376\377\000L\000e\000s\000\040\000r\000\351\000s\000u\000l\000t\000a\000t\000s\000\040\000o\000b\000t\000e\000n\000u\000s}{chapter.1}% 7
\BOOKMARK [0][-]{chapter.2}{\376\377\000R\000a\000p\000p\000o\000r\000t\000\040\000d\000'\000\351\000t\000u\000d\000e}{}% 8
\BOOKMARK [1][-]{section.2.1}{\376\377\000D\000\351\000f\000i\000n\000i\000t\000i\000o\000n\000\040\000d\000e\000\040\000l\000a\000\040\000m\000a\000i\000n\000t\000e\000n\000a\000n\000c\000e}{chapter.2}% 9
\BOOKMARK [1][-]{section.2.2}{\376\377\000D\000i\000f\000f\000e\000r\000e\000n\000t\000s\000\040\000t\000y\000p\000e\000\040\000d\000e\000\040\000m\000a\000i\000n\000t\000e\000n\000a\000n\000c\000e\000s\000\040}{chapter.2}% 10
\BOOKMARK [2][-]{subsection.2.2.1}{\376\377\000L\000a\000\040\000m\000a\000i\000n\000t\000e\000n\000a\000n\000c\000e\000\040\000c\000u\000r\000a\000t\000i\000v\000e}{section.2.2}% 11
\BOOKMARK [2][-]{subsection.2.2.2}{\376\377\000L\000a\000\040\000m\000a\000i\000n\000t\000e\000n\000a\000n\000c\000e\000\040\000p\000r\000\351\000v\000e\000n\000t\000i\000v\000e}{section.2.2}% 12
\BOOKMARK [1][-]{section.2.3}{\376\377\000L\000'\000o\000r\000g\000a\000n\000i\000g\000r\000a\000m\000m\000e\000\040\000d\000e\000\040\000l\000a\000\040\000m\000a\000i\000n\000t\000e\000n\000a\000n\000c\000e}{chapter.2}% 13
\BOOKMARK [1][-]{section.2.4}{\376\377\000L\000e\000s\000\040\000o\000b\000j\000e\000c\000t\000i\000v\000e\000s\000\040\000d\000e\000\040\000l\000a\000\040\000m\000a\000i\000n\000t\000e\000n\000a\000n\000c\000e}{chapter.2}% 14
\BOOKMARK [1][-]{section.2.5}{\376\377\000P\000o\000u\000r\000q\000u\000o\000i\000\040\000u\000n\000e\000\040\000m\000a\000i\000n\000t\000e\000n\000a\000n\000c\000e\000\040\000i\000n\000f\000o\000r\000m\000a\000t\000i\000s\000\351\000e}{chapter.2}% 15
\BOOKMARK [1][-]{section.2.6}{\376\377\000P\000r\000\351\000s\000e\000n\000t\000a\000t\000i\000o\000n\000\040\000d\000e\000\040\000l\000a\000\040\000s\000i\000t\000u\000a\000t\000i\000o\000n\000\040\000i\000n\000i\000t\000i\000a\000l\000e}{chapter.2}% 16
\BOOKMARK [2][-]{subsection.2.6.1}{\376\377\000\311\000t\000a\000t\000\040\000d\000e\000\040\000l\000'\000a\000r\000t}{section.2.6}% 17
\BOOKMARK [3][-]{subsubsection.2.6.1.1}{\376\377\000A\000r\000c\000h\000i\000t\000e\000c\000t\000u\000r\000e\000\040\000b\000a\000c\000k\000e\000n\000d}{subsection.2.6.1}% 18
\BOOKMARK [3][-]{subsubsection.2.6.1.2}{\376\377\000A\000r\000c\000h\000i\000t\000e\000c\000t\000u\000r\000e\000\040\000R\000E\000S\000T}{subsection.2.6.1}% 19
\BOOKMARK [3][-]{subsubsection.2.6.1.3}{\376\377\000L\000e\000\040\000m\000o\000d\000\350\000l\000e\000\040\000d\000e\000\040\000m\000a\000t\000u\000r\000i\000t\000\351\000\040\000d\000e\000\040\000R\000i\000c\000h\000a\000r\000d\000s\000o\000n}{subsection.2.6.1}% 20
\BOOKMARK [3][-]{subsubsection.2.6.1.4}{\376\377\000D\000o\000c\000k\000e\000r}{subsection.2.6.1}% 21
\BOOKMARK [3][-]{subsubsection.2.6.1.5}{\376\377\000A\000r\000c\000h\000i\000t\000e\000c\000u\000r\000e\000\040\000F\000r\000o\000n\000t\000e\000n\000d}{subsection.2.6.1}% 22
\BOOKMARK [3][-]{subsubsection.2.6.1.6}{\376\377\000V\000u\000e\000J\000S}{subsection.2.6.1}% 23
\BOOKMARK [2][-]{subsection.2.6.2}{\376\377\000L\000'\000a\000n\000c\000i\000e\000n\000\040\000p\000r\000o\000c\000e\000s\000s\000u\000s\000\040\000d\000e\000\040\000l\000a\000\040\000m\000a\000i\000n\000t\000e\000n\000a\000n\000c\000e}{section.2.6}% 24
\BOOKMARK [1][-]{section.2.7}{\376\377\000P\000r\000o\000p\000o\000s\000i\000t\000i\000o\000n\000\040\000d\000'\000u\000n\000e\000\040\000n\000o\000u\000v\000e\000l\000l\000e\000\040\000s\000o\000l\000u\000t\000i\000o\000n}{chapter.2}% 25
\BOOKMARK [2][-]{subsection.2.7.1}{\376\377\000G\000e\000s\000t\000i\000o\000n\000\040\000d\000e\000\040\000l\000'\000i\000n\000v\000e\000n\000t\000a\000i\000r\000e\000\040\000m\000a\000t\000\351\000r\000i\000e\000l}{section.2.7}% 26
\BOOKMARK [2][-]{subsection.2.7.2}{\376\377\000P\000l\000a\000n\000i\000f\000i\000c\000a\000t\000i\000o\000n\000\040\000d\000e\000s\000\040\000a\000c\000t\000i\000v\000i\000t\000\351\000s\000\040\000d\000e\000\040\000m\000a\000i\000n\000t\000e\000n\000a\000n\000c\000e}{section.2.7}% 27
\BOOKMARK [2][-]{subsection.2.7.3}{\376\377\000G\000e\000s\000t\000i\000o\000n\000\040\000d\000e\000s\000\040\000i\000n\000t\000e\000r\000v\000e\000n\000t\000i\000o\000n\000s}{section.2.7}% 28
\BOOKMARK [2][-]{subsection.2.7.4}{\376\377\000S\000u\000i\000v\000i\000\040\000d\000e\000s\000\040\000i\000n\000t\000e\000r\000v\000e\000n\000t\000i\000o\000n\000s}{section.2.7}% 29
\BOOKMARK [2][-]{subsection.2.7.5}{\376\377\000H\000i\000s\000t\000o\000r\000i\000q\000u\000e\000\040\000d\000e\000s\000\040\000m\000a\000t\000\351\000r\000i\000e\000l\000s}{section.2.7}% 30
\BOOKMARK [2][-]{subsection.2.7.6}{\376\377\000I\000n\000d\000i\000c\000a\000t\000e\000u\000r\000s\000\040\000d\000e\000\040\000p\000e\000r\000f\000o\000r\000m\000a\000n\000c\000e}{section.2.7}% 31
\BOOKMARK [2][-]{subsection.2.7.7}{\376\377\000C\000o\000n\000c\000e\000p\000t\000i\000o\000n\000\040\000d\000e\000\040\000b\000a\000s\000e\000\040\000d\000e\000\040\000d\000o\000n\000n\000\351\000e\000s}{section.2.7}% 32
\BOOKMARK [1][-]{section.2.8}{\376\377\000L\000e\000\040\000d\000\351\000v\000e\000l\000o\000p\000p\000e\000m\000e\000n\000t}{chapter.2}% 33
\BOOKMARK [2][-]{subsection.2.8.1}{\376\377\000G\000e\000s\000t\000i\000o\000n\000\040\000d\000e\000\040\000l\040\031\000i\000n\000v\000e\000n\000t\000a\000i\000r\000e\000\040\000m\000a\000t\000\351\000r\000i\000e\000l}{section.2.8}% 34
\BOOKMARK [2][-]{subsection.2.8.2}{\376\377\000P\000l\000a\000n\000i\000f\000i\000c\000a\000t\000i\000o\000n\000\040\000d\000e\000s\000\040\000a\000c\000t\000i\000v\000i\000t\000\351\000s\000\040\000d\000e\000\040\000m\000a\000i\000n\000t\000e\000n\000a\000n\000c\000e}{section.2.8}% 35
\BOOKMARK [3][-]{subsubsection.2.8.2.1}{\376\377\000L\000e\000s\000\040\000o\000p\000\351\000r\000a\000t\000i\000o\000n\000s\000:}{subsection.2.8.2}% 36
\BOOKMARK [3][-]{subsubsection.2.8.2.2}{\376\377\000L\000e\000s\000\040\000i\000n\000t\000e\000r\000v\000e\000n\000t\000i\000o\000n\000s}{subsection.2.8.2}% 37
\BOOKMARK [2][-]{subsection.2.8.3}{\376\377\000L\000e\000\040\000c\000a\000l\000a\000n\000d\000r\000i\000e\000r\000\040\000d\000e\000s\000\040\000i\000n\000t\000e\000r\000v\000e\000n\000t\000i\000o\000n\000s}{section.2.8}% 38
\BOOKMARK [0][-]{chapter.3}{\376\377\000L\000a\000\040\000g\000e\000s\000t\000i\000o\000n\000\040\000d\000e\000\040\000p\000r\000o\000j\000e\000t\000s}{}% 39
\BOOKMARK [1][-]{section.3.1}{\376\377\000L\000'\000\351\000q\000u\000i\000p\000e\000\040\000p\000r\000o\000j\000e\000t}{chapter.3}% 40
\BOOKMARK [1][-]{section.3.2}{\376\377\000O\000u\000t\000l\000i\000l\000s\000\040\000d\000e\000\040\000g\000e\000s\000t\000i\000o\000n\000\040\000d\000e\000\040\000p\000r\000o\000j\000e\000t}{chapter.3}% 41
\BOOKMARK [0][-]{chapter.4}{\376\377\000B\000i\000l\000a\000n\000\040\000p\000e\000r\000s\000o\000n\000n\000e\000l\000\040\000d\000u\000\040\000p\000r\000o\000j\000e\000t}{}% 42
\BOOKMARK [1][-]{section.4.1}{\376\377\000L\000e\000s\000\040\000c\000o\000m\000p\000\351\000t\000e\000n\000c\000e\000s\000\040\000t\000e\000c\000h\000n\000i\000q\000u\000e}{chapter.4}% 43
\BOOKMARK [1][-]{section.4.2}{\376\377\000L\000e\000s\000\040\000c\000o\000m\000p\000\351\000t\000e\000n\000c\000e\000s\000\040\000g\000\351\000n\000\351\000r\000a\000l\000e\000s}{chapter.4}% 44
\BOOKMARK [0][-]{chapter.5}{\376\377\000C\000o\000n\000c\000l\000u\000s\000i\000o\000n}{}% 45
